
*** Running vivado
    with args -log CPU_block_dlmb_v10_1.vds -m64 -product Vivado -mode batch -messageDb vivado.pb -notrace -source CPU_block_dlmb_v10_1.tcl



****** Vivado v2022.2 (64-bit)
  **** SW Build 3671981 on Fri Oct 14 05:00:03 MDT 2022
  **** IP Build 3669848 on Fri Oct 14 08:30:02 MDT 2022
    ** Copyright 1986-2022 Xilinx, Inc. All Rights Reserved.

source CPU_block_dlmb_v10_1.tcl -notrace
create_project: Time (s): cpu = 00:00:03 ; elapsed = 00:00:06 . Memory (MB): peak = 1003.223 ; gain = 117.977
INFO: [IP_Flow 19-234] Refreshing IP repositories
WARNING: [IP_Flow 19-2248] Failed to load user IP repository 'c:/Users/oem/Desktop/ip_repo'; Can't find the specified path.
If this directory should no longer be in your list of user repositories, go to the IP Settings dialog and remove it.
INFO: [IP_Flow 19-2313] Loaded Vivado IP repository 'C:/Xilinx/Vivado/2022.2/data/ip'.
INFO: [IP_Flow 19-6924] IPCACHE: Running cache check for IP inst: CPU_block_dlmb_v10_1
INFO: [IP_Flow 19-6922] IPCACHE: Exporting cached entry 0459ac3ba23493d9 to dir: C:/Users/oem/Desktop/VXONE_V01_4K_144/VXONE_V01.runs/CPU_block_dlmb_v10_1_synth_1
INFO: [IP_Flow 19-6928] IPCACHE: copied cached file c:/Users/oem/Desktop/VXONE_V01_4K_144/VXONE_V01.cache/ip/2022.2/0/4/0459ac3ba23493d9/CPU_block_ilmb_v10_1.dcp to C:/Users/oem/Desktop/VXONE_V01_4K_144/VXONE_V01.runs/CPU_block_dlmb_v10_1_synth_1/CPU_block_dlmb_v10_1.dcp.
INFO: [IP_Flow 19-6928] IPCACHE: copied cached file c:/Users/oem/Desktop/VXONE_V01_4K_144/VXONE_V01.cache/ip/2022.2/0/4/0459ac3ba23493d9/CPU_block_ilmb_v10_1_sim_netlist.v to C:/Users/oem/Desktop/VXONE_V01_4K_144/VXONE_V01.runs/CPU_block_dlmb_v10_1_synth_1/CPU_block_dlmb_v10_1_sim_netlist.v.
INFO: [IP_Flow 19-6928] IPCACHE: copied cached file c:/Users/oem/Desktop/VXONE_V01_4K_144/VXONE_V01.cache/ip/2022.2/0/4/0459ac3ba23493d9/CPU_block_ilmb_v10_1_sim_netlist.vhdl to C:/Users/oem/Desktop/VXONE_V01_4K_144/VXONE_V01.runs/CPU_block_dlmb_v10_1_synth_1/CPU_block_dlmb_v10_1_sim_netlist.vhdl.
INFO: [IP_Flow 19-6928] IPCACHE: copied cached file c:/Users/oem/Desktop/VXONE_V01_4K_144/VXONE_V01.cache/ip/2022.2/0/4/0459ac3ba23493d9/CPU_block_ilmb_v10_1_stub.v to C:/Users/oem/Desktop/VXONE_V01_4K_144/VXONE_V01.runs/CPU_block_dlmb_v10_1_synth_1/CPU_block_dlmb_v10_1_stub.v.
INFO: [IP_Flow 19-6928] IPCACHE: copied cached file c:/Users/oem/Desktop/VXONE_V01_4K_144/VXONE_V01.cache/ip/2022.2/0/4/0459ac3ba23493d9/CPU_block_ilmb_v10_1_stub.vhdl to C:/Users/oem/Desktop/VXONE_V01_4K_144/VXONE_V01.runs/CPU_block_dlmb_v10_1_synth_1/CPU_block_dlmb_v10_1_stub.vhdl.
INFO: [IP_Flow 19-4838] Using cached IP synthesis design for IP CPU_block_dlmb_v10_1, cache-ID = 0459ac3ba23493d9.
INFO: [Common 17-206] Exiting Vivado at Tue Oct 31 09:15:59 2023...
