
*** Running vivado
    with args -log vx1_phy_144.vds -m64 -product Vivado -mode batch -messageDb vivado.pb -notrace -source vx1_phy_144.tcl



****** Vivado v2022.2 (64-bit)
  **** SW Build 3671981 on Fri Oct 14 05:00:03 MDT 2022
  **** IP Build 3669848 on Fri Oct 14 08:30:02 MDT 2022
    ** Copyright 1986-2022 Xilinx, Inc. All Rights Reserved.

source vx1_phy_144.tcl -notrace
create_project: Time (s): cpu = 00:00:03 ; elapsed = 00:00:06 . Memory (MB): peak = 1002.020 ; gain = 117.797
INFO: [IP_Flow 19-234] Refreshing IP repositories
WARNING: [IP_Flow 19-2248] Failed to load user IP repository 'c:/Users/oem/Desktop/ip_repo'; Can't find the specified path.
If this directory should no longer be in your list of user repositories, go to the IP Settings dialog and remove it.
INFO: [IP_Flow 19-2313] Loaded Vivado IP repository 'C:/Xilinx/Vivado/2022.2/data/ip'.
INFO: [IP_Flow 19-6924] IPCACHE: Running cache check for IP inst: vx1_phy_144
Command: synth_design -top vx1_phy_144 -part xcku11p-ffve1517-1-i -incremental_mode off -mode out_of_context
Starting synth_design
Attempting to get a license for feature 'Synthesis' and/or device 'xcku11p'
INFO: [Common 17-349] Got license for feature 'Synthesis' and/or device 'xcku11p'
INFO: [Device 21-403] Loading part xcku11p-ffve1517-1-i
INFO: [Synth 8-7079] Multithreading enabled for synth_design using a maximum of 2 processes.
INFO: [Synth 8-7078] Launching helper process for spawning children vivado processes
INFO: [Synth 8-7075] Helper process launched with PID 214208
INFO: [Synth 8-11241] undeclared symbol 'REGCCE', assumed default net type 'wire' [C:/Xilinx/Vivado/2022.2/data/verilog/src/unimacro/BRAM_SINGLE_MACRO.v:2170]
---------------------------------------------------------------------------------
Starting RTL Elaboration : Time (s): cpu = 00:00:04 ; elapsed = 00:00:07 . Memory (MB): peak = 2526.930 ; gain = 380.441
---------------------------------------------------------------------------------
INFO: [Synth 8-6157] synthesizing module 'vx1_phy_144' [c:/Users/oem/Desktop/VXONE_V01_4K_144/VXONE_V01.srcs/sources_1/ip/vx1_phy_144/synth/vx1_phy_144.v:53]
INFO: [Synth 8-6157] synthesizing module 'vx1_phy_144_gtwizard_top' [c:/Users/oem/Desktop/VXONE_V01_4K_144/VXONE_V01.srcs/sources_1/ip/vx1_phy_144/synth/vx1_phy_144_gtwizard_top.v:175]
INFO: [Synth 8-6157] synthesizing module 'vx1_phy_144_gtwizard_gthe4' [c:/Users/oem/Desktop/VXONE_V01_4K_144/VXONE_V01.srcs/sources_1/ip/vx1_phy_144/synth/vx1_phy_144_gtwizard_gthe4.v:143]
INFO: [Synth 8-6157] synthesizing module 'vx1_phy_144_gthe4_common_wrapper' [c:/Users/oem/Desktop/VXONE_V01_4K_144/VXONE_V01.srcs/sources_1/ip/vx1_phy_144/synth/vx1_phy_144_gthe4_common_wrapper.v:56]
INFO: [Synth 8-6157] synthesizing module 'gtwizard_ultrascale_v1_7_14_gthe4_common' [c:/Users/oem/Desktop/VXONE_V01_4K_144/VXONE_V01.srcs/sources_1/ip/vx1_phy_144/synth/gtwizard_ultrascale_v1_7_gthe4_common.v:55]
INFO: [Synth 8-6157] synthesizing module 'GTHE4_COMMON' [C:/Xilinx/Vivado/2022.2/scripts/rt/data/unisim_comp.v:44340]
INFO: [Synth 8-6155] done synthesizing module 'GTHE4_COMMON' (0#1) [C:/Xilinx/Vivado/2022.2/scripts/rt/data/unisim_comp.v:44340]
INFO: [Synth 8-6155] done synthesizing module 'gtwizard_ultrascale_v1_7_14_gthe4_common' (0#1) [c:/Users/oem/Desktop/VXONE_V01_4K_144/VXONE_V01.srcs/sources_1/ip/vx1_phy_144/synth/gtwizard_ultrascale_v1_7_gthe4_common.v:55]
INFO: [Synth 8-6155] done synthesizing module 'vx1_phy_144_gthe4_common_wrapper' (0#1) [c:/Users/oem/Desktop/VXONE_V01_4K_144/VXONE_V01.srcs/sources_1/ip/vx1_phy_144/synth/vx1_phy_144_gthe4_common_wrapper.v:56]
INFO: [Synth 8-6157] synthesizing module 'vx1_phy_144_gthe4_channel_wrapper' [c:/Users/oem/Desktop/VXONE_V01_4K_144/VXONE_V01.srcs/sources_1/ip/vx1_phy_144/synth/vx1_phy_144_gthe4_channel_wrapper.v:56]
INFO: [Synth 8-6157] synthesizing module 'gtwizard_ultrascale_v1_7_14_gthe4_channel' [c:/Users/oem/Desktop/VXONE_V01_4K_144/VXONE_V01.srcs/sources_1/ip/vx1_phy_144/synth/gtwizard_ultrascale_v1_7_gthe4_channel.v:55]
INFO: [Synth 8-6157] synthesizing module 'GTHE4_CHANNEL' [C:/Xilinx/Vivado/2022.2/scripts/rt/data/unisim_comp.v:43148]
INFO: [Synth 8-6155] done synthesizing module 'GTHE4_CHANNEL' (0#1) [C:/Xilinx/Vivado/2022.2/scripts/rt/data/unisim_comp.v:43148]
INFO: [Synth 8-6155] done synthesizing module 'gtwizard_ultrascale_v1_7_14_gthe4_channel' (0#1) [c:/Users/oem/Desktop/VXONE_V01_4K_144/VXONE_V01.srcs/sources_1/ip/vx1_phy_144/synth/gtwizard_ultrascale_v1_7_gthe4_channel.v:55]
INFO: [Synth 8-6155] done synthesizing module 'vx1_phy_144_gthe4_channel_wrapper' (0#1) [c:/Users/oem/Desktop/VXONE_V01_4K_144/VXONE_V01.srcs/sources_1/ip/vx1_phy_144/synth/vx1_phy_144_gthe4_channel_wrapper.v:56]
INFO: [Synth 8-6157] synthesizing module 'gtwizard_ultrascale_v1_7_14_gthe4_delay_powergood' [c:/Users/oem/Desktop/VXONE_V01_4K_144/VXONE_V01.srcs/sources_1/ip/vx1_phy_144/hdl/gtwizard_ultrascale_v1_7_gthe4_delay_powergood.v:55]
INFO: [Synth 8-226] default block is never used [c:/Users/oem/Desktop/VXONE_V01_4K_144/VXONE_V01.srcs/sources_1/ip/vx1_phy_144/hdl/gtwizard_ultrascale_v1_7_gthe4_delay_powergood.v:138]
INFO: [Synth 8-6155] done synthesizing module 'gtwizard_ultrascale_v1_7_14_gthe4_delay_powergood' (0#1) [c:/Users/oem/Desktop/VXONE_V01_4K_144/VXONE_V01.srcs/sources_1/ip/vx1_phy_144/hdl/gtwizard_ultrascale_v1_7_gthe4_delay_powergood.v:55]
INFO: [Synth 8-6157] synthesizing module 'gtwizard_ultrascale_v1_7_14_gtwiz_userclk_tx' [c:/Users/oem/Desktop/VXONE_V01_4K_144/VXONE_V01.srcs/sources_1/ip/vx1_phy_144/hdl/gtwizard_ultrascale_v1_7_gtwiz_userclk_tx.v:55]
INFO: [Synth 8-6157] synthesizing module 'BUFG_GT' [C:/Xilinx/Vivado/2022.2/scripts/rt/data/unisim_comp.v:1258]
INFO: [Synth 8-6155] done synthesizing module 'BUFG_GT' (0#1) [C:/Xilinx/Vivado/2022.2/scripts/rt/data/unisim_comp.v:1258]
INFO: [Synth 8-6155] done synthesizing module 'gtwizard_ultrascale_v1_7_14_gtwiz_userclk_tx' (0#1) [c:/Users/oem/Desktop/VXONE_V01_4K_144/VXONE_V01.srcs/sources_1/ip/vx1_phy_144/hdl/gtwizard_ultrascale_v1_7_gtwiz_userclk_tx.v:55]
INFO: [Synth 8-6157] synthesizing module 'gtwizard_ultrascale_v1_7_14_gtwiz_userclk_rx' [c:/Users/oem/Desktop/VXONE_V01_4K_144/VXONE_V01.srcs/sources_1/ip/vx1_phy_144/hdl/gtwizard_ultrascale_v1_7_gtwiz_userclk_rx.v:55]
INFO: [Synth 8-6155] done synthesizing module 'gtwizard_ultrascale_v1_7_14_gtwiz_userclk_rx' (0#1) [c:/Users/oem/Desktop/VXONE_V01_4K_144/VXONE_V01.srcs/sources_1/ip/vx1_phy_144/hdl/gtwizard_ultrascale_v1_7_gtwiz_userclk_rx.v:55]
INFO: [Synth 8-6157] synthesizing module 'gtwizard_ultrascale_v1_7_14_bit_synchronizer' [c:/Users/oem/Desktop/VXONE_V01_4K_144/VXONE_V01.srcs/sources_1/ip/vx1_phy_144/hdl/gtwizard_ultrascale_v1_7_bit_sync.v:55]
INFO: [Synth 8-6155] done synthesizing module 'gtwizard_ultrascale_v1_7_14_bit_synchronizer' (0#1) [c:/Users/oem/Desktop/VXONE_V01_4K_144/VXONE_V01.srcs/sources_1/ip/vx1_phy_144/hdl/gtwizard_ultrascale_v1_7_bit_sync.v:55]
INFO: [Synth 8-6157] synthesizing module 'gtwizard_ultrascale_v1_7_14_gtwiz_reset' [c:/Users/oem/Desktop/VXONE_V01_4K_144/VXONE_V01.srcs/sources_1/ip/vx1_phy_144/hdl/gtwizard_ultrascale_v1_7_gtwiz_reset.v:55]
INFO: [Synth 8-6157] synthesizing module 'gtwizard_ultrascale_v1_7_14_reset_synchronizer' [c:/Users/oem/Desktop/VXONE_V01_4K_144/VXONE_V01.srcs/sources_1/ip/vx1_phy_144/hdl/gtwizard_ultrascale_v1_7_reset_sync.v:55]
INFO: [Synth 8-6155] done synthesizing module 'gtwizard_ultrascale_v1_7_14_reset_synchronizer' (0#1) [c:/Users/oem/Desktop/VXONE_V01_4K_144/VXONE_V01.srcs/sources_1/ip/vx1_phy_144/hdl/gtwizard_ultrascale_v1_7_reset_sync.v:55]
INFO: [Synth 8-155] case statement is not full and has no default [c:/Users/oem/Desktop/VXONE_V01_4K_144/VXONE_V01.srcs/sources_1/ip/vx1_phy_144/hdl/gtwizard_ultrascale_v1_7_gtwiz_reset.v:164]
INFO: [Synth 8-6157] synthesizing module 'gtwizard_ultrascale_v1_7_14_reset_inv_synchronizer' [c:/Users/oem/Desktop/VXONE_V01_4K_144/VXONE_V01.srcs/sources_1/ip/vx1_phy_144/hdl/gtwizard_ultrascale_v1_7_reset_inv_sync.v:55]
INFO: [Synth 8-6155] done synthesizing module 'gtwizard_ultrascale_v1_7_14_reset_inv_synchronizer' (0#1) [c:/Users/oem/Desktop/VXONE_V01_4K_144/VXONE_V01.srcs/sources_1/ip/vx1_phy_144/hdl/gtwizard_ultrascale_v1_7_reset_inv_sync.v:55]
INFO: [Synth 8-6155] done synthesizing module 'gtwizard_ultrascale_v1_7_14_gtwiz_reset' (0#1) [c:/Users/oem/Desktop/VXONE_V01_4K_144/VXONE_V01.srcs/sources_1/ip/vx1_phy_144/hdl/gtwizard_ultrascale_v1_7_gtwiz_reset.v:55]
INFO: [Synth 8-6157] synthesizing module 'gtwizard_ultrascale_v1_7_14_gtwiz_userdata_tx' [c:/Users/oem/Desktop/VXONE_V01_4K_144/VXONE_V01.srcs/sources_1/ip/vx1_phy_144/hdl/gtwizard_ultrascale_v1_7_gtwiz_userdata_tx.v:55]
INFO: [Synth 8-6155] done synthesizing module 'gtwizard_ultrascale_v1_7_14_gtwiz_userdata_tx' (0#1) [c:/Users/oem/Desktop/VXONE_V01_4K_144/VXONE_V01.srcs/sources_1/ip/vx1_phy_144/hdl/gtwizard_ultrascale_v1_7_gtwiz_userdata_tx.v:55]
INFO: [Synth 8-6157] synthesizing module 'gtwizard_ultrascale_v1_7_14_gtwiz_userdata_rx' [c:/Users/oem/Desktop/VXONE_V01_4K_144/VXONE_V01.srcs/sources_1/ip/vx1_phy_144/hdl/gtwizard_ultrascale_v1_7_gtwiz_userdata_rx.v:55]
INFO: [Synth 8-6155] done synthesizing module 'gtwizard_ultrascale_v1_7_14_gtwiz_userdata_rx' (0#1) [c:/Users/oem/Desktop/VXONE_V01_4K_144/VXONE_V01.srcs/sources_1/ip/vx1_phy_144/hdl/gtwizard_ultrascale_v1_7_gtwiz_userdata_rx.v:55]
INFO: [Synth 8-6155] done synthesizing module 'vx1_phy_144_gtwizard_gthe4' (0#1) [c:/Users/oem/Desktop/VXONE_V01_4K_144/VXONE_V01.srcs/sources_1/ip/vx1_phy_144/synth/vx1_phy_144_gtwizard_gthe4.v:143]
INFO: [Synth 8-6155] done synthesizing module 'vx1_phy_144_gtwizard_top' (0#1) [c:/Users/oem/Desktop/VXONE_V01_4K_144/VXONE_V01.srcs/sources_1/ip/vx1_phy_144/synth/vx1_phy_144_gtwizard_top.v:175]
INFO: [Synth 8-6155] done synthesizing module 'vx1_phy_144' (0#1) [c:/Users/oem/Desktop/VXONE_V01_4K_144/VXONE_V01.srcs/sources_1/ip/vx1_phy_144/synth/vx1_phy_144.v:53]
WARNING: [Synth 8-7129] Port rxdata_in[4095] in module gtwizard_ultrascale_v1_7_14_gtwiz_userdata_rx is either unconnected or has no load
WARNING: [Synth 8-7129] Port rxdata_in[4094] in module gtwizard_ultrascale_v1_7_14_gtwiz_userdata_rx is either unconnected or has no load
WARNING: [Synth 8-7129] Port rxdata_in[4093] in module gtwizard_ultrascale_v1_7_14_gtwiz_userdata_rx is either unconnected or has no load
WARNING: [Synth 8-7129] Port rxdata_in[4092] in module gtwizard_ultrascale_v1_7_14_gtwiz_userdata_rx is either unconnected or has no load
WARNING: [Synth 8-7129] Port rxdata_in[4091] in module gtwizard_ultrascale_v1_7_14_gtwiz_userdata_rx is either unconnected or has no load
WARNING: [Synth 8-7129] Port rxdata_in[4090] in module gtwizard_ultrascale_v1_7_14_gtwiz_userdata_rx is either unconnected or has no load
WARNING: [Synth 8-7129] Port rxdata_in[4089] in module gtwizard_ultrascale_v1_7_14_gtwiz_userdata_rx is either unconnected or has no load
WARNING: [Synth 8-7129] Port rxdata_in[4088] in module gtwizard_ultrascale_v1_7_14_gtwiz_userdata_rx is either unconnected or has no load
WARNING: [Synth 8-7129] Port rxdata_in[4087] in module gtwizard_ultrascale_v1_7_14_gtwiz_userdata_rx is either unconnected or has no load
WARNING: [Synth 8-7129] Port rxdata_in[4086] in module gtwizard_ultrascale_v1_7_14_gtwiz_userdata_rx is either unconnected or has no load
WARNING: [Synth 8-7129] Port rxdata_in[4085] in module gtwizard_ultrascale_v1_7_14_gtwiz_userdata_rx is either unconnected or has no load
WARNING: [Synth 8-7129] Port rxdata_in[4084] in module gtwizard_ultrascale_v1_7_14_gtwiz_userdata_rx is either unconnected or has no load
WARNING: [Synth 8-7129] Port rxdata_in[4083] in module gtwizard_ultrascale_v1_7_14_gtwiz_userdata_rx is either unconnected or has no load
WARNING: [Synth 8-7129] Port rxdata_in[4082] in module gtwizard_ultrascale_v1_7_14_gtwiz_userdata_rx is either unconnected or has no load
WARNING: [Synth 8-7129] Port rxdata_in[4081] in module gtwizard_ultrascale_v1_7_14_gtwiz_userdata_rx is either unconnected or has no load
WARNING: [Synth 8-7129] Port rxdata_in[4080] in module gtwizard_ultrascale_v1_7_14_gtwiz_userdata_rx is either unconnected or has no load
WARNING: [Synth 8-7129] Port rxdata_in[4079] in module gtwizard_ultrascale_v1_7_14_gtwiz_userdata_rx is either unconnected or has no load
WARNING: [Synth 8-7129] Port rxdata_in[4078] in module gtwizard_ultrascale_v1_7_14_gtwiz_userdata_rx is either unconnected or has no load
WARNING: [Synth 8-7129] Port rxdata_in[4077] in module gtwizard_ultrascale_v1_7_14_gtwiz_userdata_rx is either unconnected or has no load
WARNING: [Synth 8-7129] Port rxdata_in[4076] in module gtwizard_ultrascale_v1_7_14_gtwiz_userdata_rx is either unconnected or has no load
WARNING: [Synth 8-7129] Port rxdata_in[4075] in module gtwizard_ultrascale_v1_7_14_gtwiz_userdata_rx is either unconnected or has no load
WARNING: [Synth 8-7129] Port rxdata_in[4074] in module gtwizard_ultrascale_v1_7_14_gtwiz_userdata_rx is either unconnected or has no load
WARNING: [Synth 8-7129] Port rxdata_in[4073] in module gtwizard_ultrascale_v1_7_14_gtwiz_userdata_rx is either unconnected or has no load
WARNING: [Synth 8-7129] Port rxdata_in[4072] in module gtwizard_ultrascale_v1_7_14_gtwiz_userdata_rx is either unconnected or has no load
WARNING: [Synth 8-7129] Port rxdata_in[4071] in module gtwizard_ultrascale_v1_7_14_gtwiz_userdata_rx is either unconnected or has no load
WARNING: [Synth 8-7129] Port rxdata_in[4070] in module gtwizard_ultrascale_v1_7_14_gtwiz_userdata_rx is either unconnected or has no load
WARNING: [Synth 8-7129] Port rxdata_in[4069] in module gtwizard_ultrascale_v1_7_14_gtwiz_userdata_rx is either unconnected or has no load
WARNING: [Synth 8-7129] Port rxdata_in[4068] in module gtwizard_ultrascale_v1_7_14_gtwiz_userdata_rx is either unconnected or has no load
WARNING: [Synth 8-7129] Port rxdata_in[4067] in module gtwizard_ultrascale_v1_7_14_gtwiz_userdata_rx is either unconnected or has no load
WARNING: [Synth 8-7129] Port rxdata_in[4066] in module gtwizard_ultrascale_v1_7_14_gtwiz_userdata_rx is either unconnected or has no load
WARNING: [Synth 8-7129] Port rxdata_in[4065] in module gtwizard_ultrascale_v1_7_14_gtwiz_userdata_rx is either unconnected or has no load
WARNING: [Synth 8-7129] Port rxdata_in[4064] in module gtwizard_ultrascale_v1_7_14_gtwiz_userdata_rx is either unconnected or has no load
WARNING: [Synth 8-7129] Port rxdata_in[4063] in module gtwizard_ultrascale_v1_7_14_gtwiz_userdata_rx is either unconnected or has no load
WARNING: [Synth 8-7129] Port rxdata_in[4062] in module gtwizard_ultrascale_v1_7_14_gtwiz_userdata_rx is either unconnected or has no load
WARNING: [Synth 8-7129] Port rxdata_in[4061] in module gtwizard_ultrascale_v1_7_14_gtwiz_userdata_rx is either unconnected or has no load
WARNING: [Synth 8-7129] Port rxdata_in[4060] in module gtwizard_ultrascale_v1_7_14_gtwiz_userdata_rx is either unconnected or has no load
WARNING: [Synth 8-7129] Port rxdata_in[4059] in module gtwizard_ultrascale_v1_7_14_gtwiz_userdata_rx is either unconnected or has no load
WARNING: [Synth 8-7129] Port rxdata_in[4058] in module gtwizard_ultrascale_v1_7_14_gtwiz_userdata_rx is either unconnected or has no load
WARNING: [Synth 8-7129] Port rxdata_in[4057] in module gtwizard_ultrascale_v1_7_14_gtwiz_userdata_rx is either unconnected or has no load
WARNING: [Synth 8-7129] Port rxdata_in[4056] in module gtwizard_ultrascale_v1_7_14_gtwiz_userdata_rx is either unconnected or has no load
WARNING: [Synth 8-7129] Port rxdata_in[4055] in module gtwizard_ultrascale_v1_7_14_gtwiz_userdata_rx is either unconnected or has no load
WARNING: [Synth 8-7129] Port rxdata_in[4054] in module gtwizard_ultrascale_v1_7_14_gtwiz_userdata_rx is either unconnected or has no load
WARNING: [Synth 8-7129] Port rxdata_in[4053] in module gtwizard_ultrascale_v1_7_14_gtwiz_userdata_rx is either unconnected or has no load
WARNING: [Synth 8-7129] Port rxdata_in[4052] in module gtwizard_ultrascale_v1_7_14_gtwiz_userdata_rx is either unconnected or has no load
WARNING: [Synth 8-7129] Port rxdata_in[4051] in module gtwizard_ultrascale_v1_7_14_gtwiz_userdata_rx is either unconnected or has no load
WARNING: [Synth 8-7129] Port rxdata_in[4050] in module gtwizard_ultrascale_v1_7_14_gtwiz_userdata_rx is either unconnected or has no load
WARNING: [Synth 8-7129] Port rxdata_in[4049] in module gtwizard_ultrascale_v1_7_14_gtwiz_userdata_rx is either unconnected or has no load
WARNING: [Synth 8-7129] Port rxdata_in[4048] in module gtwizard_ultrascale_v1_7_14_gtwiz_userdata_rx is either unconnected or has no load
WARNING: [Synth 8-7129] Port rxdata_in[4047] in module gtwizard_ultrascale_v1_7_14_gtwiz_userdata_rx is either unconnected or has no load
WARNING: [Synth 8-7129] Port rxdata_in[4046] in module gtwizard_ultrascale_v1_7_14_gtwiz_userdata_rx is either unconnected or has no load
WARNING: [Synth 8-7129] Port rxdata_in[4045] in module gtwizard_ultrascale_v1_7_14_gtwiz_userdata_rx is either unconnected or has no load
WARNING: [Synth 8-7129] Port rxdata_in[4044] in module gtwizard_ultrascale_v1_7_14_gtwiz_userdata_rx is either unconnected or has no load
WARNING: [Synth 8-7129] Port rxdata_in[4043] in module gtwizard_ultrascale_v1_7_14_gtwiz_userdata_rx is either unconnected or has no load
WARNING: [Synth 8-7129] Port rxdata_in[4042] in module gtwizard_ultrascale_v1_7_14_gtwiz_userdata_rx is either unconnected or has no load
WARNING: [Synth 8-7129] Port rxdata_in[4041] in module gtwizard_ultrascale_v1_7_14_gtwiz_userdata_rx is either unconnected or has no load
WARNING: [Synth 8-7129] Port rxdata_in[4040] in module gtwizard_ultrascale_v1_7_14_gtwiz_userdata_rx is either unconnected or has no load
WARNING: [Synth 8-7129] Port rxdata_in[4039] in module gtwizard_ultrascale_v1_7_14_gtwiz_userdata_rx is either unconnected or has no load
WARNING: [Synth 8-7129] Port rxdata_in[4038] in module gtwizard_ultrascale_v1_7_14_gtwiz_userdata_rx is either unconnected or has no load
WARNING: [Synth 8-7129] Port rxdata_in[4037] in module gtwizard_ultrascale_v1_7_14_gtwiz_userdata_rx is either unconnected or has no load
WARNING: [Synth 8-7129] Port rxdata_in[4036] in module gtwizard_ultrascale_v1_7_14_gtwiz_userdata_rx is either unconnected or has no load
WARNING: [Synth 8-7129] Port rxdata_in[4035] in module gtwizard_ultrascale_v1_7_14_gtwiz_userdata_rx is either unconnected or has no load
WARNING: [Synth 8-7129] Port rxdata_in[4034] in module gtwizard_ultrascale_v1_7_14_gtwiz_userdata_rx is either unconnected or has no load
WARNING: [Synth 8-7129] Port rxdata_in[4033] in module gtwizard_ultrascale_v1_7_14_gtwiz_userdata_rx is either unconnected or has no load
WARNING: [Synth 8-7129] Port rxdata_in[4032] in module gtwizard_ultrascale_v1_7_14_gtwiz_userdata_rx is either unconnected or has no load
WARNING: [Synth 8-7129] Port rxdata_in[4031] in module gtwizard_ultrascale_v1_7_14_gtwiz_userdata_rx is either unconnected or has no load
WARNING: [Synth 8-7129] Port rxdata_in[4030] in module gtwizard_ultrascale_v1_7_14_gtwiz_userdata_rx is either unconnected or has no load
WARNING: [Synth 8-7129] Port rxdata_in[4029] in module gtwizard_ultrascale_v1_7_14_gtwiz_userdata_rx is either unconnected or has no load
WARNING: [Synth 8-7129] Port rxdata_in[4028] in module gtwizard_ultrascale_v1_7_14_gtwiz_userdata_rx is either unconnected or has no load
WARNING: [Synth 8-7129] Port rxdata_in[4027] in module gtwizard_ultrascale_v1_7_14_gtwiz_userdata_rx is either unconnected or has no load
WARNING: [Synth 8-7129] Port rxdata_in[4026] in module gtwizard_ultrascale_v1_7_14_gtwiz_userdata_rx is either unconnected or has no load
WARNING: [Synth 8-7129] Port rxdata_in[4025] in module gtwizard_ultrascale_v1_7_14_gtwiz_userdata_rx is either unconnected or has no load
WARNING: [Synth 8-7129] Port rxdata_in[4024] in module gtwizard_ultrascale_v1_7_14_gtwiz_userdata_rx is either unconnected or has no load
WARNING: [Synth 8-7129] Port rxdata_in[4023] in module gtwizard_ultrascale_v1_7_14_gtwiz_userdata_rx is either unconnected or has no load
WARNING: [Synth 8-7129] Port rxdata_in[4022] in module gtwizard_ultrascale_v1_7_14_gtwiz_userdata_rx is either unconnected or has no load
WARNING: [Synth 8-7129] Port rxdata_in[4021] in module gtwizard_ultrascale_v1_7_14_gtwiz_userdata_rx is either unconnected or has no load
WARNING: [Synth 8-7129] Port rxdata_in[4020] in module gtwizard_ultrascale_v1_7_14_gtwiz_userdata_rx is either unconnected or has no load
WARNING: [Synth 8-7129] Port rxdata_in[4019] in module gtwizard_ultrascale_v1_7_14_gtwiz_userdata_rx is either unconnected or has no load
WARNING: [Synth 8-7129] Port rxdata_in[4018] in module gtwizard_ultrascale_v1_7_14_gtwiz_userdata_rx is either unconnected or has no load
WARNING: [Synth 8-7129] Port rxdata_in[4017] in module gtwizard_ultrascale_v1_7_14_gtwiz_userdata_rx is either unconnected or has no load
WARNING: [Synth 8-7129] Port rxdata_in[4016] in module gtwizard_ultrascale_v1_7_14_gtwiz_userdata_rx is either unconnected or has no load
WARNING: [Synth 8-7129] Port rxdata_in[4015] in module gtwizard_ultrascale_v1_7_14_gtwiz_userdata_rx is either unconnected or has no load
WARNING: [Synth 8-7129] Port rxdata_in[4014] in module gtwizard_ultrascale_v1_7_14_gtwiz_userdata_rx is either unconnected or has no load
WARNING: [Synth 8-7129] Port rxdata_in[4013] in module gtwizard_ultrascale_v1_7_14_gtwiz_userdata_rx is either unconnected or has no load
WARNING: [Synth 8-7129] Port rxdata_in[4012] in module gtwizard_ultrascale_v1_7_14_gtwiz_userdata_rx is either unconnected or has no load
WARNING: [Synth 8-7129] Port rxdata_in[4011] in module gtwizard_ultrascale_v1_7_14_gtwiz_userdata_rx is either unconnected or has no load
WARNING: [Synth 8-7129] Port rxdata_in[4010] in module gtwizard_ultrascale_v1_7_14_gtwiz_userdata_rx is either unconnected or has no load
WARNING: [Synth 8-7129] Port rxdata_in[4009] in module gtwizard_ultrascale_v1_7_14_gtwiz_userdata_rx is either unconnected or has no load
WARNING: [Synth 8-7129] Port rxdata_in[4008] in module gtwizard_ultrascale_v1_7_14_gtwiz_userdata_rx is either unconnected or has no load
WARNING: [Synth 8-7129] Port rxdata_in[4007] in module gtwizard_ultrascale_v1_7_14_gtwiz_userdata_rx is either unconnected or has no load
WARNING: [Synth 8-7129] Port rxdata_in[4006] in module gtwizard_ultrascale_v1_7_14_gtwiz_userdata_rx is either unconnected or has no load
WARNING: [Synth 8-7129] Port rxdata_in[4005] in module gtwizard_ultrascale_v1_7_14_gtwiz_userdata_rx is either unconnected or has no load
WARNING: [Synth 8-7129] Port rxdata_in[4004] in module gtwizard_ultrascale_v1_7_14_gtwiz_userdata_rx is either unconnected or has no load
WARNING: [Synth 8-7129] Port rxdata_in[4003] in module gtwizard_ultrascale_v1_7_14_gtwiz_userdata_rx is either unconnected or has no load
WARNING: [Synth 8-7129] Port rxdata_in[4002] in module gtwizard_ultrascale_v1_7_14_gtwiz_userdata_rx is either unconnected or has no load
WARNING: [Synth 8-7129] Port rxdata_in[4001] in module gtwizard_ultrascale_v1_7_14_gtwiz_userdata_rx is either unconnected or has no load
WARNING: [Synth 8-7129] Port rxdata_in[4000] in module gtwizard_ultrascale_v1_7_14_gtwiz_userdata_rx is either unconnected or has no load
WARNING: [Synth 8-7129] Port rxdata_in[3967] in module gtwizard_ultrascale_v1_7_14_gtwiz_userdata_rx is either unconnected or has no load
WARNING: [Synth 8-7129] Port rxdata_in[3966] in module gtwizard_ultrascale_v1_7_14_gtwiz_userdata_rx is either unconnected or has no load
WARNING: [Synth 8-7129] Port rxdata_in[3965] in module gtwizard_ultrascale_v1_7_14_gtwiz_userdata_rx is either unconnected or has no load
WARNING: [Synth 8-7129] Port rxdata_in[3964] in module gtwizard_ultrascale_v1_7_14_gtwiz_userdata_rx is either unconnected or has no load
INFO: [Common 17-14] Message 'Synth 8-7129' appears 100 times and further instances of the messages will be disabled. Use the Tcl command set_msg_config to change the current settings.
---------------------------------------------------------------------------------
Finished RTL Elaboration : Time (s): cpu = 00:00:07 ; elapsed = 00:00:14 . Memory (MB): peak = 2674.992 ; gain = 528.504
---------------------------------------------------------------------------------
---------------------------------------------------------------------------------
Start Handling Custom Attributes
---------------------------------------------------------------------------------
---------------------------------------------------------------------------------
Finished Handling Custom Attributes : Time (s): cpu = 00:00:07 ; elapsed = 00:00:14 . Memory (MB): peak = 2692.914 ; gain = 546.426
---------------------------------------------------------------------------------
---------------------------------------------------------------------------------
Finished RTL Optimization Phase 1 : Time (s): cpu = 00:00:07 ; elapsed = 00:00:14 . Memory (MB): peak = 2692.914 ; gain = 546.426
---------------------------------------------------------------------------------
Netlist sorting complete. Time (s): cpu = 00:00:01 ; elapsed = 00:00:01 . Memory (MB): peak = 2704.957 ; gain = 0.000
INFO: [Project 1-570] Preparing netlist for logic optimization

Processing XDC Constraints
Initializing timing engine
Parsing XDC File [c:/Users/oem/Desktop/VXONE_V01_4K_144/VXONE_V01.srcs/sources_1/ip/vx1_phy_144/synth/vx1_phy_144_ooc.xdc] for cell 'inst'
Finished Parsing XDC File [c:/Users/oem/Desktop/VXONE_V01_4K_144/VXONE_V01.srcs/sources_1/ip/vx1_phy_144/synth/vx1_phy_144_ooc.xdc] for cell 'inst'
Parsing XDC File [c:/Users/oem/Desktop/VXONE_V01_4K_144/VXONE_V01.srcs/sources_1/ip/vx1_phy_144/synth/vx1_phy_144.xdc] for cell 'inst'
Finished Parsing XDC File [c:/Users/oem/Desktop/VXONE_V01_4K_144/VXONE_V01.srcs/sources_1/ip/vx1_phy_144/synth/vx1_phy_144.xdc] for cell 'inst'
INFO: [Project 1-236] Implementation specific constraints were found while reading constraint file [c:/Users/oem/Desktop/VXONE_V01_4K_144/VXONE_V01.srcs/sources_1/ip/vx1_phy_144/synth/vx1_phy_144.xdc]. These constraints will be ignored for synthesis but will be used in implementation. Impacted constraints are listed in the file [.Xil/vx1_phy_144_propImpl.xdc].
Resolution: To avoid this warning, move constraints listed in [.Xil/vx1_phy_144_propImpl.xdc] to another XDC file and exclude this new file from synthesis with the used_in_synthesis property (File Properties dialog in GUI) and re-run elaboration/synthesis.
INFO: [Timing 38-2] Deriving generated clocks
Parsing XDC File [C:/Users/oem/Desktop/VXONE_V01_4K_144/VXONE_V01.runs/vx1_phy_144_synth_1/dont_touch.xdc]
Finished Parsing XDC File [C:/Users/oem/Desktop/VXONE_V01_4K_144/VXONE_V01.runs/vx1_phy_144_synth_1/dont_touch.xdc]
Completed Processing XDC Constraints

Netlist sorting complete. Time (s): cpu = 00:00:00 ; elapsed = 00:00:00.039 . Memory (MB): peak = 2820.918 ; gain = 0.000
INFO: [Project 1-111] Unisim Transformation Summary:
No Unisim elements were transformed.

Constraint Validation Runtime : Time (s): cpu = 00:00:00 ; elapsed = 00:00:00.363 . Memory (MB): peak = 2820.918 ; gain = 0.000
INFO: [Designutils 20-5008] Incremental synthesis strategy off
INFO: [Synth 8-11241] undeclared symbol 'REGCCE', assumed default net type 'wire' [C:/Xilinx/Vivado/2022.2/data/verilog/src/unimacro/BRAM_SINGLE_MACRO.v:2170]
---------------------------------------------------------------------------------
Finished Constraint Validation : Time (s): cpu = 00:00:21 ; elapsed = 00:00:34 . Memory (MB): peak = 2820.918 ; gain = 674.430
---------------------------------------------------------------------------------
---------------------------------------------------------------------------------
Start Loading Part and Timing Information
---------------------------------------------------------------------------------
Loading part: xcku11p-ffve1517-1-i
INFO: [Synth 8-6742] Reading net delay rules and data
---------------------------------------------------------------------------------
Finished Loading Part and Timing Information : Time (s): cpu = 00:00:21 ; elapsed = 00:00:34 . Memory (MB): peak = 2820.918 ; gain = 674.430
---------------------------------------------------------------------------------
---------------------------------------------------------------------------------
Start Applying 'set_property' XDC Constraints
---------------------------------------------------------------------------------
Applied set_property KEEP_HIERARCHY = SOFT for inst. (constraint file  C:/Users/oem/Desktop/VXONE_V01_4K_144/VXONE_V01.runs/vx1_phy_144_synth_1/dont_touch.xdc, line 9).
---------------------------------------------------------------------------------
Finished applying 'set_property' XDC Constraints : Time (s): cpu = 00:00:21 ; elapsed = 00:00:34 . Memory (MB): peak = 2820.918 ; gain = 674.430
---------------------------------------------------------------------------------
INFO: [Synth 8-802] inferred FSM for state register 'sm_reset_all_reg' in module 'gtwizard_ultrascale_v1_7_14_gtwiz_reset'
INFO: [Synth 8-802] inferred FSM for state register 'sm_reset_tx_reg' in module 'gtwizard_ultrascale_v1_7_14_gtwiz_reset'
INFO: [Synth 8-802] inferred FSM for state register 'sm_reset_rx_reg' in module 'gtwizard_ultrascale_v1_7_14_gtwiz_reset'
---------------------------------------------------------------------------------------------------
                   State |                     New Encoding |                Previous Encoding 
---------------------------------------------------------------------------------------------------
      ST_RESET_TX_BRANCH |                              000 |                              000
         ST_RESET_TX_PLL |                              001 |                              001
    ST_RESET_TX_DATAPATH |                              010 |                              010
   ST_RESET_TX_WAIT_LOCK |                              011 |                              011
ST_RESET_TX_WAIT_USERRDY |                              100 |                              100
ST_RESET_TX_WAIT_RESETDONE |                              101 |                              101
        ST_RESET_TX_IDLE |                              110 |                              110
---------------------------------------------------------------------------------------------------
INFO: [Synth 8-3354] encoded FSM with state register 'sm_reset_tx_reg' using encoding 'sequential' in module 'gtwizard_ultrascale_v1_7_14_gtwiz_reset'
---------------------------------------------------------------------------------------------------
                   State |                     New Encoding |                Previous Encoding 
---------------------------------------------------------------------------------------------------
      ST_RESET_RX_BRANCH |                              000 |                              000
         ST_RESET_RX_PLL |                              001 |                              001
    ST_RESET_RX_DATAPATH |                              010 |                              010
   ST_RESET_RX_WAIT_LOCK |                              011 |                              011
    ST_RESET_RX_WAIT_CDR |                              100 |                              100
ST_RESET_RX_WAIT_USERRDY |                              101 |                              101
ST_RESET_RX_WAIT_RESETDONE |                              110 |                              110
        ST_RESET_RX_IDLE |                              111 |                              111
---------------------------------------------------------------------------------------------------
INFO: [Synth 8-3354] encoded FSM with state register 'sm_reset_rx_reg' using encoding 'sequential' in module 'gtwizard_ultrascale_v1_7_14_gtwiz_reset'
---------------------------------------------------------------------------------------------------
                   State |                     New Encoding |                Previous Encoding 
---------------------------------------------------------------------------------------------------
     ST_RESET_ALL_BRANCH |                              000 |                              001
     ST_RESET_ALL_TX_PLL |                              001 |                              010
ST_RESET_ALL_TX_PLL_WAIT |                              010 |                              011
      ST_RESET_ALL_RX_DP |                              011 |                              100
     ST_RESET_ALL_RX_PLL |                              100 |                              101
    ST_RESET_ALL_RX_WAIT |                              101 |                              110
                  iSTATE |                              110 |                              111
       ST_RESET_ALL_INIT |                              111 |                              000
---------------------------------------------------------------------------------------------------
INFO: [Synth 8-3354] encoded FSM with state register 'sm_reset_all_reg' using encoding 'sequential' in module 'gtwizard_ultrascale_v1_7_14_gtwiz_reset'
---------------------------------------------------------------------------------
Finished RTL Optimization Phase 2 : Time (s): cpu = 00:00:22 ; elapsed = 00:00:36 . Memory (MB): peak = 2820.918 ; gain = 674.430
---------------------------------------------------------------------------------
---------------------------------------------------------------------------------
Start RTL Component Statistics 
---------------------------------------------------------------------------------
Detailed RTL Component Info : 
+---Adders : 
	   2 Input   10 Bit       Adders := 2     
	   2 Input    3 Bit       Adders := 3     
+---Registers : 
	               10 Bit    Registers := 2     
	                9 Bit    Registers := 32    
	                5 Bit    Registers := 32    
	                3 Bit    Registers := 3     
	                1 Bit    Registers := 512   
+---Muxes : 
	   2 Input    9 Bit        Muxes := 32    
	   2 Input    3 Bit        Muxes := 39    
	   7 Input    3 Bit        Muxes := 2     
	   8 Input    3 Bit        Muxes := 1     
	   2 Input    2 Bit        Muxes := 32    
	   2 Input    1 Bit        Muxes := 130   
	   7 Input    1 Bit        Muxes := 13    
	   8 Input    1 Bit        Muxes := 26    
---------------------------------------------------------------------------------
Finished RTL Component Statistics 
---------------------------------------------------------------------------------
---------------------------------------------------------------------------------
Start Part Resource Summary
---------------------------------------------------------------------------------
Part Resources:
DSPs: 2928 (col length:192)
BRAMs: 1200 (col length: RAMB18 192 RAMB36 96)
---------------------------------------------------------------------------------
Finished Part Resource Summary
---------------------------------------------------------------------------------
---------------------------------------------------------------------------------
Start Cross Boundary and Area Optimization
---------------------------------------------------------------------------------
WARNING: [Synth 8-7080] Parallel synthesis criteria is not met
---------------------------------------------------------------------------------
Finished Cross Boundary and Area Optimization : Time (s): cpu = 00:00:26 ; elapsed = 00:00:40 . Memory (MB): peak = 2820.918 ; gain = 674.430
---------------------------------------------------------------------------------
---------------------------------------------------------------------------------
Start Applying XDC Timing Constraints
---------------------------------------------------------------------------------
---------------------------------------------------------------------------------
Finished Applying XDC Timing Constraints : Time (s): cpu = 00:00:35 ; elapsed = 00:00:54 . Memory (MB): peak = 3139.965 ; gain = 993.477
---------------------------------------------------------------------------------
---------------------------------------------------------------------------------
Start Timing Optimization
---------------------------------------------------------------------------------
---------------------------------------------------------------------------------
Finished Timing Optimization : Time (s): cpu = 00:00:36 ; elapsed = 00:00:55 . Memory (MB): peak = 3174.051 ; gain = 1027.562
---------------------------------------------------------------------------------
---------------------------------------------------------------------------------
Start Technology Mapping
---------------------------------------------------------------------------------
---------------------------------------------------------------------------------
Finished Technology Mapping : Time (s): cpu = 00:00:36 ; elapsed = 00:00:55 . Memory (MB): peak = 3192.438 ; gain = 1045.949
---------------------------------------------------------------------------------
---------------------------------------------------------------------------------
Start IO Insertion
---------------------------------------------------------------------------------
---------------------------------------------------------------------------------
Start Flattening Before IO Insertion
---------------------------------------------------------------------------------
---------------------------------------------------------------------------------
Finished Flattening Before IO Insertion
---------------------------------------------------------------------------------
---------------------------------------------------------------------------------
Start Final Netlist Cleanup
---------------------------------------------------------------------------------
---------------------------------------------------------------------------------
Finished Final Netlist Cleanup
---------------------------------------------------------------------------------
---------------------------------------------------------------------------------
Finished IO Insertion : Time (s): cpu = 00:00:39 ; elapsed = 00:01:00 . Memory (MB): peak = 3201.328 ; gain = 1054.840
---------------------------------------------------------------------------------
---------------------------------------------------------------------------------
Start Renaming Generated Instances
---------------------------------------------------------------------------------
---------------------------------------------------------------------------------
Finished Renaming Generated Instances : Time (s): cpu = 00:00:39 ; elapsed = 00:01:00 . Memory (MB): peak = 3201.328 ; gain = 1054.840
---------------------------------------------------------------------------------
---------------------------------------------------------------------------------
Start Rebuilding User Hierarchy
---------------------------------------------------------------------------------
---------------------------------------------------------------------------------
Finished Rebuilding User Hierarchy : Time (s): cpu = 00:00:39 ; elapsed = 00:01:00 . Memory (MB): peak = 3201.328 ; gain = 1054.840
---------------------------------------------------------------------------------
---------------------------------------------------------------------------------
Start Renaming Generated Ports
---------------------------------------------------------------------------------
---------------------------------------------------------------------------------
Finished Renaming Generated Ports : Time (s): cpu = 00:00:39 ; elapsed = 00:01:00 . Memory (MB): peak = 3201.328 ; gain = 1054.840
---------------------------------------------------------------------------------
---------------------------------------------------------------------------------
Start Handling Custom Attributes
---------------------------------------------------------------------------------
---------------------------------------------------------------------------------
Finished Handling Custom Attributes : Time (s): cpu = 00:00:39 ; elapsed = 00:01:00 . Memory (MB): peak = 3201.328 ; gain = 1054.840
---------------------------------------------------------------------------------
---------------------------------------------------------------------------------
Start Renaming Generated Nets
---------------------------------------------------------------------------------
---------------------------------------------------------------------------------
Finished Renaming Generated Nets : Time (s): cpu = 00:00:39 ; elapsed = 00:01:00 . Memory (MB): peak = 3201.328 ; gain = 1054.840
---------------------------------------------------------------------------------
---------------------------------------------------------------------------------
Start Writing Synthesis Report
---------------------------------------------------------------------------------

Report BlackBoxes: 
+-+--------------+----------+
| |BlackBox name |Instances |
+-+--------------+----------+
+-+--------------+----------+

Report Cell Usage: 
+------+--------------+------+
|      |Cell          |Count |
+------+--------------+------+
|1     |BUFG_GT       |     2|
|2     |CARRY8        |     4|
|3     |GTHE4_CHANNEL |    32|
|4     |GTHE4_COMMON  |     8|
|5     |LUT1          |   136|
|6     |LUT2          |    80|
|7     |LUT3          |    55|
|8     |LUT4          |    27|
|9     |LUT5          |    29|
|10    |LUT6          |    45|
|11    |FDCE          |   206|
|12    |FDPE          |    40|
|13    |FDRE          |   772|
|14    |FDSE          |     6|
+------+--------------+------+
---------------------------------------------------------------------------------
Finished Writing Synthesis Report : Time (s): cpu = 00:00:39 ; elapsed = 00:01:00 . Memory (MB): peak = 3201.328 ; gain = 1054.840
---------------------------------------------------------------------------------
Synthesis finished with 0 errors, 0 critical warnings and 8178 warnings.
Synthesis Optimization Runtime : Time (s): cpu = 00:00:23 ; elapsed = 00:00:47 . Memory (MB): peak = 3201.328 ; gain = 926.836
Synthesis Optimization Complete : Time (s): cpu = 00:00:39 ; elapsed = 00:01:00 . Memory (MB): peak = 3201.328 ; gain = 1054.840
INFO: [Project 1-571] Translating synthesized netlist
Netlist sorting complete. Time (s): cpu = 00:00:00 ; elapsed = 00:00:00.350 . Memory (MB): peak = 3201.328 ; gain = 0.000
INFO: [Netlist 29-17] Analyzing 4 Unisim elements for replacement
INFO: [Netlist 29-28] Unisim Transformation completed in 0 CPU seconds
INFO: [Project 1-570] Preparing netlist for logic optimization
INFO: [Opt 31-138] Pushed 0 inverter(s) to 0 load pin(s).
INFO: [Opt 31-441] Inserted BUFG_GT_SYNC inst/gen_gtwizard_gthe4_top.vx1_phy_144_gtwizard_gthe4_inst/gen_gtwizard_gthe4.gen_channel_container[1].gen_enabled_channel.gthe4_channel_wrapper_inst/channel_inst/BUFG_GT_SYNC for BUFG_GT inst/gen_gtwizard_gthe4_top.vx1_phy_144_gtwizard_gthe4_inst/gen_gtwizard_gthe4.gen_rx_user_clocking_internal.gen_single_instance.gtwiz_userclk_rx_inst/gen_gtwiz_userclk_rx_main.bufg_gt_usrclk_inst
INFO: [Opt 31-441] Inserted BUFG_GT_SYNC inst/gen_gtwizard_gthe4_top.vx1_phy_144_gtwizard_gthe4_inst/gen_gtwizard_gthe4.gen_channel_container[1].gen_enabled_channel.gthe4_channel_wrapper_inst/channel_inst/BUFG_GT_SYNC_1 for BUFG_GT inst/gen_gtwizard_gthe4_top.vx1_phy_144_gtwizard_gthe4_inst/gen_gtwizard_gthe4.gen_tx_user_clocking_internal.gen_single_instance.gtwiz_userclk_tx_inst/gen_gtwiz_userclk_tx_main.bufg_gt_usrclk_inst
Netlist sorting complete. Time (s): cpu = 00:00:00 ; elapsed = 00:00:00.002 . Memory (MB): peak = 3266.898 ; gain = 0.000
INFO: [Project 1-111] Unisim Transformation Summary:
No Unisim elements were transformed.

Synth Design complete, checksum: 616940cd
INFO: [Common 17-83] Releasing license: Synthesis
72 Infos, 102 Warnings, 0 Critical Warnings and 0 Errors encountered.
synth_design completed successfully
synth_design: Time (s): cpu = 00:00:46 ; elapsed = 00:01:13 . Memory (MB): peak = 3266.898 ; gain = 2189.539
INFO: [Common 17-1381] The checkpoint 'C:/Users/oem/Desktop/VXONE_V01_4K_144/VXONE_V01.runs/vx1_phy_144_synth_1/vx1_phy_144.dcp' has been generated.
INFO: [Coretcl 2-1648] Added synthesis output to IP cache for IP vx1_phy_144, cache-ID = 3eef732aad73f7f1
INFO: [Coretcl 2-1174] Renamed 135 cell refs.
INFO: [Common 17-1381] The checkpoint 'C:/Users/oem/Desktop/VXONE_V01_4K_144/VXONE_V01.runs/vx1_phy_144_synth_1/vx1_phy_144.dcp' has been generated.
INFO: [runtcl-4] Executing : report_utilization -file vx1_phy_144_utilization_synth.rpt -pb vx1_phy_144_utilization_synth.pb
INFO: [Common 17-206] Exiting Vivado at Tue Oct 31 09:17:19 2023...
