Copyright 1986-2022 Xilinx, Inc. All Rights Reserved.
------------------------------------------------------------------------------------------------------------------
| Tool Version : Vivado v.2022.2 (win64) Build 3671981 Fri Oct 14 05:00:03 MDT 2022
| Date         : Tue Oct 31 09:24:58 2023
| Host         : DESKTOP-T0RQS2O running 64-bit major release  (build 9200)
| Command      : report_drc -file board_top_drc_opted.rpt -pb board_top_drc_opted.pb -rpx board_top_drc_opted.rpx
| Design       : board_top
| Device       : xcku11p-ffve1517-1-i
| Speed File   : -1
| Design State : Synthesized
------------------------------------------------------------------------------------------------------------------

Report DRC

Table of Contents
-----------------
1. REPORT SUMMARY
2. REPORT DETAILS

1. REPORT SUMMARY
-----------------
            Netlist: netlist
          Floorplan: design_1
      Design limits: <entire design considered>
           Ruledeck: default
             Max violations: <unlimited>
             Violations found: 0
+------+----------+-------------+------------+
| Rule | Severity | Description | Violations |
+------+----------+-------------+------------+
+------+----------+-------------+------------+

2. REPORT DETAILS
-----------------

